Information: Updating design information... (UID-85)
Warning: Design 'USER_PRJ1' contains 4 high-fanout nets. A fanout number of 1000 will be used for delay calculations involving these nets. (TIM-134)
 
****************************************
Report : timing
        -path full
        -delay max
        -max_paths 1
Design : USER_PRJ1
Version: T-2022.03
Date   : Tue Jun 18 17:12:54 2024
****************************************

 # A fanout number of 1000 was used for high fanout net computations.

Operating Conditions: tt0p8v25c   Library: saed14rvt_tt0p8v25c
Wire Load Model Mode: top

  Startpoint: My_TPU/systolic_array1/state_reg[1]
              (rising edge-triggered flip-flop clocked by axi_clk')
  Endpoint: My_TPU/systolic_array1/addr_n1_reg[0]
            (rising edge-triggered flip-flop clocked by axi_clk)
  Path Group: axi_clk
  Path Type: max

  Des/Clust/Port     Wire Load Model       Library
  ------------------------------------------------
  USER_PRJ1          35000                 saed14rvt_tt0p8v25c

  Point                                                   Incr       Path
  --------------------------------------------------------------------------
  clock axi_clk' (rise edge)                              2.50       2.50
  clock network delay (ideal)                             0.00       2.50
  My_TPU/systolic_array1/state_reg[1]/CK (SAEDRVT14_FDP_V2LP_0P5)
                                                          0.00       2.50 r
  My_TPU/systolic_array1/state_reg[1]/Q (SAEDRVT14_FDP_V2LP_0P5)
                                                          0.10       2.60 r
  My_TPU/systolic_array1/U1436/X (SAEDRVT14_NR2_1)        0.04       2.65 f
  My_TPU/systolic_array1/U1765/X (SAEDRVT14_INV_S_20)     0.16       2.80 r
  My_TPU/systolic_array1/U1762/X (SAEDRVT14_BUF_20)       0.07       2.87 r
  My_TPU/systolic_array1/U1761/X (SAEDRVT14_BUF_20)       0.06       2.93 r
  My_TPU/systolic_array1/U1732/X (SAEDRVT14_BUF_16)       0.05       2.98 r
  My_TPU/systolic_array1/U868/X (SAEDRVT14_AO21B_0P5)     0.02       3.00 f
  My_TPU/systolic_array1/U1768/X (SAEDRVT14_BUF_20)       0.06       3.05 f
  My_TPU/systolic_array1/U1766/X (SAEDRVT14_BUF_20)       0.06       3.11 f
  My_TPU/systolic_array1/U1785/X (SAEDRVT14_BUF_20)       0.06       3.17 f
  My_TPU/systolic_array1/U1784/X (SAEDRVT14_BUF_20)       0.06       3.24 f
  My_TPU/systolic_array1/U867/X (SAEDRVT14_NR2_1)         0.02       3.26 r
  My_TPU/systolic_array1/U1791/X (SAEDRVT14_BUF_20)       0.06       3.32 r
  My_TPU/systolic_array1/U1836/X (SAEDRVT14_INV_ECO_6)
                                                          0.09       3.41 f
  My_TPU/systolic_array1/U1828/X (SAEDRVT14_BUF_ECO_8)
                                                          0.03       3.45 f
  My_TPU/systolic_array1/U1823/X (SAEDRVT14_BUF_ECO_7)
                                                          0.04       3.48 f
  My_TPU/systolic_array1/U1792/X (SAEDRVT14_INV_S_20)     0.17       3.66 r
  My_TPU/systolic_array1/U801/X (SAEDRVT14_AO221_0P5)     0.03       3.68 r
  My_TPU/systolic_array1/addr_n1_reg[0]/D (SAEDRVT14_FDP_V2LP_0P5)
                                                          0.01       3.69 r
  data arrival time                                                  3.69

  clock axi_clk (rise edge)                               5.00       5.00
  clock network delay (ideal)                             0.00       5.00
  clock uncertainty                                      -0.30       4.70
  My_TPU/systolic_array1/addr_n1_reg[0]/CK (SAEDRVT14_FDP_V2LP_0P5)
                                                          0.00       4.70 r
  library setup time                                      0.02       4.72
  data required time                                                 4.72
  --------------------------------------------------------------------------
  data required time                                                 4.72
  data arrival time                                                 -3.69
  --------------------------------------------------------------------------
  slack (MET)                                                        1.03


1
